 
****************************************
Report : area
Design : JAM
Version: T-2022.03
Date   : Tue Jan 30 16:10:32 2024
****************************************

Library(s) Used:

    slow (File: /usr/cad/lib/CBDK_IC_Contest_v2.5/SynopsysDC/db/slow.db)

Number of ports:                           62
Number of nets:                           871
Number of cells:                          744
Number of combinational cells:            642
Number of sequential cells:               100
Number of macros/black boxes:               0
Number of buf/inv:                        129
Number of references:                      68

Combinational area:               5738.909413
Buf/Inv area:                      853.792211
Noncombinational area:            3274.284531
Macro/Black Box area:                0.000000
Net Interconnect area:          110367.222900

Total cell area:                  9013.193943
Total area:                     119380.416844
1
