 
****************************************
Report : area
Design : SET
Version: T-2022.03
Date   : Wed Jul 17 15:08:14 2024
****************************************

Library(s) Used:

    slow (File: /usr/cad/lib/CBDK_IC_Contest_v2.1/SynopsysDC/db/slow.db)

Number of ports:                           51
Number of nets:                           571
Number of cells:                          488
Number of combinational cells:            434
Number of sequential cells:                54
Number of macros/black boxes:               0
Number of buf/inv:                         56
Number of references:                      82

Combinational area:               3831.031768
Buf/Inv area:                      330.992999
Noncombinational area:            1605.740376
Macro/Black Box area:                0.000000
Net Interconnect area:           62020.310699

Total cell area:                  5436.772143
Total area:                      67457.082843
1
