 
****************************************
Report : area
Design : mac
Version: T-2022.03
Date   : Tue Jul 25 14:37:48 2023
****************************************

Library(s) Used:

    fsa0m_a_generic_core_ss1p62v125c (File: /usr/cad/CBDK/CBDK018_UMC_Faraday_v1.0/CIC/SynopsysDC/db/fsa0m_a_generic_core_ss1p62v125c.db)

Number of ports:                          446
Number of nets:                          1924
Number of cells:                         1262
Number of combinational cells:           1114
Number of sequential cells:               142
Number of macros/black boxes:               0
Number of buf/inv:                         95
Number of references:                      31

Combinational area:              32619.787222
Buf/Inv area:                      806.198391
Noncombinational area:            8430.710480
Macro/Black Box area:                0.000000
Net Interconnect area:      undefined  (Wire load has zero net area)

Total cell area:                 41050.497702
Total area:                 undefined
1
