 
****************************************
Report : timing
        -path full
        -delay max
        -max_paths 1
Design : DT
Version: T-2022.03
Date   : Tue Mar 26 20:19:50 2024
****************************************

Operating Conditions: slow   Library: slow
Wire Load Model Mode: top

  Startpoint: res_di[3] (input port clocked by clk)
  Endpoint: x_reg[3] (rising edge-triggered flip-flop clocked by clk)
  Path Group: clk
  Path Type: max

  Des/Clust/Port     Wire Load Model       Library
  ------------------------------------------------
  DT                 tsmc13_wl10           slow

  Point                                    Incr       Path
  -----------------------------------------------------------
  clock clk (rise edge)                    0.00       0.00
  clock network delay (ideal)              0.50       0.50
  input external delay                     5.00       5.50 f
  res_di[3] (in)                           0.13       5.63 f
  U610/Y (INVX6)                           0.11       5.74 r
  U383/Y (NAND2X4)                         0.10       5.84 f
  U725/Y (INVX3)                           0.11       5.95 r
  U592/Y (NAND4X6)                         0.13       6.07 f
  U729/Y (NOR2X8)                          0.13       6.20 r
  U788/Y (NAND2X4)                         0.09       6.29 f
  U791/Y (AND2X8)                          0.20       6.49 f
  U803/Y (NOR2X8)                          0.12       6.61 r
  U355/Y (BUFX12)                          0.14       6.75 r
  U351/Y (NAND2X1)                         0.12       6.88 f
  U418/Y (NAND2X2)                         0.13       7.01 r
  U943/Y (AO21X1)                          0.21       7.22 r
  x_reg[3]/D (DFFRX2)                      0.00       7.22 r
  data arrival time                                   7.22

  clock clk (rise edge)                    7.00       7.00
  clock network delay (ideal)              0.50       7.50
  clock uncertainty                       -0.10       7.40
  x_reg[3]/CK (DFFRX2)                     0.00       7.40 r
  library setup time                      -0.18       7.22
  data required time                                  7.22
  -----------------------------------------------------------
  data required time                                  7.22
  data arrival time                                  -7.22
  -----------------------------------------------------------
  slack (MET)                                         0.00


1
